<?xml version="1.0" encoding="UTF-8"?>
<!-- Generated by org.testng.reporters.JUnitReportReporter -->
<testsuite hostname="Admin-PC" failures="0" tests="1" name="alert_windows_iframe.IFrame_ExplicitWait" time="11.960" errors="1" timestamp="2023-07-16T21:31:55 GMT+07:00" skipped="0">
  <testcase classname="alert_windows_iframe.IFrame_ExplicitWait" name="handleIFrame" time="11.960">
    <error message="element click intercepted: Element &lt;iframe src=&quot;https://kaopiz.getflycrm.com/api/forms/viewform/?key=99T3ZymG4bUybpN4ntpc09TuAZmjY59IMEl8PeYS5apxZJelGl&amp;amp;referrer=https://codestar.vn&quot; frameborder=&quot;0&quot; marginheight=&quot;0&quot; marginwidth=&quot;0&quot; style=&quot;width: 100%; height: 235px;&quot; cd_frame_id_=&quot;edb6757608e5d83063fa9458d463b81f&quot;&gt;&lt;/iframe&gt; is not clickable at point (1218, 472). Other element would receive the click: &lt;iframe name=&quot;f73d84d35c3d8c&quot; width=&quot;1000px&quot; height=&quot;1000px&quot; data-testid=&quot;dialog_iframe&quot; title=&quot;&quot; frameborder=&quot;0&quot; allowtransparency=&quot;true&quot; allowfullscreen=&quot;true&quot; scrolling=&quot;no&quot; allow=&quot;encrypted-media&quot; src=&quot;https://www.facebook.com/v6.0/plugins/customerchat.php?app_id=&amp;amp;attribution=wordpress&amp;amp;attribution_version=1.8&amp;amp;channel=https%3A%2F%2Fstaticxx.facebook.com%2Fx%2Fconnect%2Fxd_arbiter%2F%3Fversion%3D46%23cb%3Df11e65466ca84b%26domain%3Dcodestar.vn%26is_canvas%3Dfalse%26origin%3Dhttps%253A%252F%252Fcodestar.vn%252Ff7aee29d6f677c%26relation%3Dparent.parent&amp;amp;container_width=1519&amp;amp;current_url=https%3A%2F%2Fcodestar.vn%2F&amp;amp;is_loaded_by_facade=true&amp;amp;locale=vi_VN&amp;amp;log_id=cf23e65a-0c2e-446e-a0be-d92a1f539164&amp;amp;page_id=101976181756213&amp;amp;request_time=1689517913408&amp;amp;sdk=joey&quot; style=&quot;padding: 0px; position: fixed; z-index: 2147483646; border-radius: 16px; top: auto; background: none; width: 399px; bottom: 84px; max-height: calc(100% - 84px); right: 16px; visibility: visible; height: 444px;&quot; class=&quot;&quot;&gt;&lt;/iframe&gt;
  (Session info: chrome=113.0.5672.127)
  (Driver info: chromedriver=113.0.5672.24 (65f30d4e8051264233c679c7cd3743679f15339d-refs/branch-heads/5672@{#243}),platform=Windows NT 10.0.19045 x86_64) (WARNING: The server did not provide any stacktrace information)
Command duration or timeout: 1.42 seconds
Build info: version: &#039;2.53.1&#039;, revision: &#039;a36b8b1cd5757287168e54b817830adce9b0158d&#039;, time: &#039;2016-06-30 19:26:09&#039;
System info: host: &#039;Admin-PC&#039;, ip: &#039;10.20.0.228&#039;, os.name: &#039;Windows 10&#039;, os.arch: &#039;amd64&#039;, os.version: &#039;10.0&#039;, java.version: &#039;17.0.7&#039;
Driver info: org.openqa.selenium.chrome.ChromeDriver
Capabilities [{mobileEmulationEnabled=false, timeouts={implicit=0, pageLoad=300000, script=30000}, hasTouchScreen=false, platform=XP, acceptSslCerts=false, goog:chromeOptions={debuggerAddress=localhost:63301}, webauthn:extension:credBlob=true, acceptInsecureCerts=false, webStorageEnabled=true, browserName=chrome, takesScreenshot=true, javascriptEnabled=true, setWindowRect=true, webauthn:extension:largeBlob=true, unexpectedAlertBehaviour=ignore, rotatable=false, networkConnectionEnabled=false, chrome={chromedriverVersion=113.0.5672.24 (65f30d4e8051264233c679c7cd3743679f15339d-refs/branch-heads/5672@{#243}), userDataDir=C:\Users\Admin\AppData\Local\Temp\scoped_dir19932_1315793114}, takesHeapSnapshot=true, pageLoadStrategy=normal, strictFileInteractability=false, databaseEnabled=false, handlesAlerts=true, version=113.0.5672.127, browserConnectionEnabled=false, proxy={}, nativeEvents=true, webauthn:extension:minPinLength=true, webauthn:extension:prf=true, locationContextEnabled=true, cssSelectorsEnabled=true, webauthn:virtualAuthenticators=true}]
Session ID: d65c4867fc7e440ac6d5887a2f27a1ba" type="org.openqa.selenium.WebDriverException">
      <![CDATA[org.openqa.selenium.WebDriverException: element click intercepted: Element <iframe src="https://kaopiz.getflycrm.com/api/forms/viewform/?key=99T3ZymG4bUybpN4ntpc09TuAZmjY59IMEl8PeYS5apxZJelGl&amp;referrer=https://codestar.vn" frameborder="0" marginheight="0" marginwidth="0" style="width: 100%; height: 235px;" cd_frame_id_="edb6757608e5d83063fa9458d463b81f"></iframe> is not clickable at point (1218, 472). Other element would receive the click: <iframe name="f73d84d35c3d8c" width="1000px" height="1000px" data-testid="dialog_iframe" title="" frameborder="0" allowtransparency="true" allowfullscreen="true" scrolling="no" allow="encrypted-media" src="https://www.facebook.com/v6.0/plugins/customerchat.php?app_id=&amp;attribution=wordpress&amp;attribution_version=1.8&amp;channel=https%3A%2F%2Fstaticxx.facebook.com%2Fx%2Fconnect%2Fxd_arbiter%2F%3Fversion%3D46%23cb%3Df11e65466ca84b%26domain%3Dcodestar.vn%26is_canvas%3Dfalse%26origin%3Dhttps%253A%252F%252Fcodestar.vn%252Ff7aee29d6f677c%26relation%3Dparent.parent&amp;container_width=1519&amp;current_url=https%3A%2F%2Fcodestar.vn%2F&amp;is_loaded_by_facade=true&amp;locale=vi_VN&amp;log_id=cf23e65a-0c2e-446e-a0be-d92a1f539164&amp;page_id=101976181756213&amp;request_time=1689517913408&amp;sdk=joey" style="padding: 0px; position: fixed; z-index: 2147483646; border-radius: 16px; top: auto; background: none; width: 399px; bottom: 84px; max-height: calc(100% - 84px); right: 16px; visibility: visible; height: 444px;" class=""></iframe>
  (Session info: chrome=113.0.5672.127)
  (Driver info: chromedriver=113.0.5672.24 (65f30d4e8051264233c679c7cd3743679f15339d-refs/branch-heads/5672@{#243}),platform=Windows NT 10.0.19045 x86_64) (WARNING: The server did not provide any stacktrace information)
Command duration or timeout: 1.42 seconds
Build info: version: '2.53.1', revision: 'a36b8b1cd5757287168e54b817830adce9b0158d', time: '2016-06-30 19:26:09'
System info: host: 'Admin-PC', ip: '10.20.0.228', os.name: 'Windows 10', os.arch: 'amd64', os.version: '10.0', java.version: '17.0.7'
Driver info: org.openqa.selenium.chrome.ChromeDriver
Capabilities [{mobileEmulationEnabled=false, timeouts={implicit=0, pageLoad=300000, script=30000}, hasTouchScreen=false, platform=XP, acceptSslCerts=false, goog:chromeOptions={debuggerAddress=localhost:63301}, webauthn:extension:credBlob=true, acceptInsecureCerts=false, webStorageEnabled=true, browserName=chrome, takesScreenshot=true, javascriptEnabled=true, setWindowRect=true, webauthn:extension:largeBlob=true, unexpectedAlertBehaviour=ignore, rotatable=false, networkConnectionEnabled=false, chrome={chromedriverVersion=113.0.5672.24 (65f30d4e8051264233c679c7cd3743679f15339d-refs/branch-heads/5672@{#243}), userDataDir=C:\Users\Admin\AppData\Local\Temp\scoped_dir19932_1315793114}, takesHeapSnapshot=true, pageLoadStrategy=normal, strictFileInteractability=false, databaseEnabled=false, handlesAlerts=true, version=113.0.5672.127, browserConnectionEnabled=false, proxy={}, nativeEvents=true, webauthn:extension:minPinLength=true, webauthn:extension:prf=true, locationContextEnabled=true, cssSelectorsEnabled=true, webauthn:virtualAuthenticators=true}]
Session ID: d65c4867fc7e440ac6d5887a2f27a1ba
at java.base/jdk.internal.reflect.NativeConstructorAccessorImpl.newInstance0(Native Method)
at java.base/jdk.internal.reflect.NativeConstructorAccessorImpl.newInstance(NativeConstructorAccessorImpl.java:77)
at java.base/jdk.internal.reflect.DelegatingConstructorAccessorImpl.newInstance(DelegatingConstructorAccessorImpl.java:45)
at java.base/java.lang.reflect.Constructor.newInstanceWithCaller(Constructor.java:499)
at java.base/java.lang.reflect.Constructor.newInstance(Constructor.java:480)
at org.openqa.selenium.remote.ErrorHandler.createThrowable(ErrorHandler.java:206)
at org.openqa.selenium.remote.ErrorHandler.throwIfResponseFailed(ErrorHandler.java:158)
at org.openqa.selenium.remote.RemoteWebDriver.execute(RemoteWebDriver.java:678)
at org.openqa.selenium.remote.RemoteWebElement.execute(RemoteWebElement.java:327)
at org.openqa.selenium.remote.RemoteWebElement.click(RemoteWebElement.java:85)
at automation.common.CommonBase.click(CommonBase.java:86)
at alert_windows_iframe.IFrame_ExplicitWait.handleIFrame(IFrame_ExplicitWait.java:25)
at java.base/jdk.internal.reflect.NativeMethodAccessorImpl.invoke0(Native Method)
at java.base/jdk.internal.reflect.NativeMethodAccessorImpl.invoke(NativeMethodAccessorImpl.java:77)
at java.base/jdk.internal.reflect.DelegatingMethodAccessorImpl.invoke(DelegatingMethodAccessorImpl.java:43)
at java.base/java.lang.reflect.Method.invoke(Method.java:568)
at org.testng.internal.MethodInvocationHelper.invokeMethod(MethodInvocationHelper.java:133)
at org.testng.internal.TestInvoker.invokeMethod(TestInvoker.java:598)
at org.testng.internal.TestInvoker.invokeTestMethod(TestInvoker.java:173)
at org.testng.internal.MethodRunner.runInSequence(MethodRunner.java:46)
at org.testng.internal.TestInvoker$MethodInvocationAgent.invoke(TestInvoker.java:824)
at org.testng.internal.TestInvoker.invokeTestMethods(TestInvoker.java:146)
at org.testng.internal.TestMethodWorker.invokeTestMethods(TestMethodWorker.java:146)
at org.testng.internal.TestMethodWorker.run(TestMethodWorker.java:128)
at java.base/java.util.ArrayList.forEach(ArrayList.java:1511)
at org.testng.TestRunner.privateRun(TestRunner.java:794)
at org.testng.TestRunner.run(TestRunner.java:596)
at org.testng.SuiteRunner.runTest(SuiteRunner.java:377)
at org.testng.SuiteRunner.runSequentially(SuiteRunner.java:371)
at org.testng.SuiteRunner.privateRun(SuiteRunner.java:332)
at org.testng.SuiteRunner.run(SuiteRunner.java:276)
at org.testng.SuiteRunnerWorker.runSuite(SuiteRunnerWorker.java:53)
at org.testng.SuiteRunnerWorker.run(SuiteRunnerWorker.java:96)
at org.testng.TestNG.runSuitesSequentially(TestNG.java:1212)
at org.testng.TestNG.runSuitesLocally(TestNG.java:1134)
at org.testng.TestNG.runSuites(TestNG.java:1063)
at org.testng.TestNG.run(TestNG.java:1031)
at org.testng.remote.AbstractRemoteTestNG.run(AbstractRemoteTestNG.java:115)
at org.testng.remote.RemoteTestNG.initAndRun(RemoteTestNG.java:251)
at org.testng.remote.RemoteTestNG.main(RemoteTestNG.java:77)
]]>
    </error>
  </testcase> <!-- handleIFrame -->
  <system-out/>
</testsuite> <!-- alert_windows_iframe.IFrame_ExplicitWait -->
